<?xml version="1.0" encoding="UTF-8"?>
<!-- Generated by org.testng.reporters.JUnitReportReporter -->
<testsuite hostname="Lenovo-PC" name="scripts.TC01" tests="1" failures="0" timestamp="11 Nov 2016 01:12:57 GMT" time="17.333" errors="0">
  <testcase name="testTC01" time="17.333" classname="scripts.TC01"/>
</testsuite> <!-- scripts.TC01 -->
